<?xml version="1.0" encoding="UTF-8"?>
<testng-results skipped="0" failed="0" total="1" passed="1">
  <reporter-output>
  </reporter-output>
  <suite name="Default suite" duration-ms="7102" started-at="2017-11-09T10:23:04Z" finished-at="2017-11-09T10:23:12Z">
    <groups>
    </groups>
    <test name="Default test" duration-ms="7102" started-at="2017-11-09T10:23:04Z" finished-at="2017-11-09T10:23:12Z">
      <class name="com.dr.tests.SearchTicket">
        <test-method status="PASS" signature="beforeClass()[pri:0, instance:com.dr.tests.SearchTicket@7dc7cbad]" name="beforeClass" is-config="true" duration-ms="2740" started-at="2017-11-09T11:23:04Z" finished-at="2017-11-09T11:23:07Z">
          <reporter-output>
          </reporter-output>
        </test-method> <!-- beforeClass -->
        <test-method status="PASS" signature="verifyPageTitle()[pri:0, instance:com.dr.tests.SearchTicket@7dc7cbad]" name="verifyPageTitle" duration-ms="3540" started-at="2017-11-09T11:23:07Z" finished-at="2017-11-09T11:23:11Z">
          <reporter-output>
          </reporter-output>
        </test-method> <!-- verifyPageTitle -->
        <test-method status="PASS" signature="afterClass()[pri:0, instance:com.dr.tests.SearchTicket@7dc7cbad]" name="afterClass" is-config="true" duration-ms="811" started-at="2017-11-09T11:23:11Z" finished-at="2017-11-09T11:23:12Z">
          <reporter-output>
          </reporter-output>
        </test-method> <!-- afterClass -->
      </class> <!-- com.dr.tests.SearchTicket -->
    </test> <!-- Default test -->
  </suite> <!-- Default suite -->
</testng-results>
