<?xml version="1.0" encoding="UTF-8"?>
<testng-results skipped="0" failed="0" total="1" passed="1">
  <reporter-output>
  </reporter-output>
  <suite name="Default suite" duration-ms="8578" started-at="2017-11-14T15:53:56Z" finished-at="2017-11-14T15:54:04Z">
    <groups>
    </groups>
    <test name="Default test" duration-ms="8578" started-at="2017-11-14T15:53:56Z" finished-at="2017-11-14T15:54:04Z">
      <class name="com.dr.tests.SearchTicket">
        <test-method status="PASS" signature="beforeClass()[pri:0, instance:com.dr.tests.SearchTicket@7dc7cbad]" name="beforeClass" is-config="true" duration-ms="2543" started-at="2017-11-14T16:53:56Z" finished-at="2017-11-14T16:53:58Z">
          <reporter-output>
          </reporter-output>
        </test-method> <!-- beforeClass -->
        <test-method status="PASS" signature="verifyPageTitle()[pri:0, instance:com.dr.tests.SearchTicket@7dc7cbad]" name="verifyPageTitle" duration-ms="5285" started-at="2017-11-14T16:53:58Z" finished-at="2017-11-14T16:54:03Z">
          <reporter-output>
          </reporter-output>
        </test-method> <!-- verifyPageTitle -->
        <test-method status="PASS" signature="afterClass()[pri:0, instance:com.dr.tests.SearchTicket@7dc7cbad]" name="afterClass" is-config="true" duration-ms="740" started-at="2017-11-14T16:54:03Z" finished-at="2017-11-14T16:54:04Z">
          <reporter-output>
          </reporter-output>
        </test-method> <!-- afterClass -->
      </class> <!-- com.dr.tests.SearchTicket -->
    </test> <!-- Default test -->
  </suite> <!-- Default suite -->
</testng-results>
